Сборка начата 18.11.2016 16:58:33.
     1>Проект "C:\Users\stasi\Source\Repos\Cpp-task-for-the-university-study\All_lab\lab5\lab5\lab5.vcxproj" в узле 2 (целевые объекты Build).
     1>Link:
         C:\Program Files (x86)\Microsoft Visual Studio 12.0\VC\bin\link.exe /ERRORREPORT:PROMPT /OUT:"C:\Users\stasi\Source\Repos\Cpp-task-for-the-university-study\All_lab\lab5\Debug\lab5.exe" /INCREMENTAL /NOLOGO kernel32.lib user32.lib gdi32.lib winspool.lib comdlg32.lib advapi32.lib shell32.lib ole32.lib oleaut32.lib uuid.lib odbc32.lib odbccp32.lib /MANIFEST /MANIFESTUAC:"level='asInvoker' uiAccess='false'" /manifest:embed /DEBUG /PDB:"C:\Users\stasi\Source\Repos\Cpp-task-for-the-university-study\All_lab\lab5\Debug\lab5.pdb" /SUBSYSTEM:CONSOLE /TLBID:1 /DYNAMICBASE /NXCOMPAT /IMPLIB:"C:\Users\stasi\Source\Repos\Cpp-task-for-the-university-study\All_lab\lab5\Debug\lab5.lib" /MACHINE:X86 Debug\lab5.obj
         Debug\stdafx.obj
     1>lab5.obj : error LNK2019: ссылка на неразрешенный внешний символ "void __cdecl Resf(void)" (?Resf@@YAXXZ) в функции _main
     1>C:\Users\stasi\Source\Repos\Cpp-task-for-the-university-study\All_lab\lab5\Debug\lab5.exe : fatal error LNK1120: неразрешенных внешних элементов: 1
     1>Сборка проекта "C:\Users\stasi\Source\Repos\Cpp-task-for-the-university-study\All_lab\lab5\lab5\lab5.vcxproj" завершена (целевые объекты Build) с ошибкой.

Ошибка сборки.

Затраченное время: 00:00:00.80
